<?xml version="1.0" encoding="UTF-8"?>
<testng-results skipped="0" failed="0" total="2" passed="2">
  <reporter-output>
  </reporter-output>
  <suite name="Suite" duration-ms="30971" started-at="2020-09-25T08:34:24Z" finished-at="2020-09-25T08:34:55Z">
    <groups>
    </groups>
    <test name="Test1" duration-ms="20775" started-at="2020-09-25T08:34:24Z" finished-at="2020-09-25T08:34:45Z">
      <class name="cura.cura.AppointmentValidation">
        <test-method status="PASS" signature="setUp(java.lang.String, java.lang.String)[pri:0, instance:cura.cura.AppointmentValidation@35083305]" name="setUp" is-config="true" duration-ms="14798" started-at="2020-09-25T14:04:24Z" finished-at="2020-09-25T14:04:39Z">
          <params>
            <param index="0">
              <value>
                <![CDATA[chrome]]>
              </value>
            </param>
            <param index="1">
              <value>
                <![CDATA[https://katalon-demo-cura.herokuapp.com/#appointment]]>
              </value>
            </param>
          </params>
          <reporter-output>
          </reporter-output>
        </test-method> <!-- setUp -->
        <test-method status="PASS" signature="appointmentValidations()[pri:0, instance:cura.cura.AppointmentValidation@35083305]" name="appointmentValidations" duration-ms="5100" started-at="2020-09-25T14:04:39Z" finished-at="2020-09-25T14:04:44Z">
          <reporter-output>
          </reporter-output>
        </test-method> <!-- appointmentValidations -->
        <test-method status="PASS" signature="tearDown()[pri:0, instance:cura.cura.AppointmentValidation@35083305]" name="tearDown" is-config="true" duration-ms="843" started-at="2020-09-25T14:04:44Z" finished-at="2020-09-25T14:04:45Z">
          <reporter-output>
          </reporter-output>
        </test-method> <!-- tearDown -->
      </class> <!-- cura.cura.AppointmentValidation -->
    </test> <!-- Test1 -->
    <test name="Test2" duration-ms="30971" started-at="2020-09-25T08:34:24Z" finished-at="2020-09-25T08:34:55Z">
      <class name="cura.cura.AppointmentValidation">
        <test-method status="PASS" signature="setUp(java.lang.String, java.lang.String)[pri:0, instance:cura.cura.AppointmentValidation@14a2f921]" name="setUp" is-config="true" duration-ms="22846" started-at="2020-09-25T14:04:24Z" finished-at="2020-09-25T14:04:47Z">
          <params>
            <param index="0">
              <value>
                <![CDATA[firefox]]>
              </value>
            </param>
            <param index="1">
              <value>
                <![CDATA[https://katalon-demo-cura.herokuapp.com/#appointment]]>
              </value>
            </param>
          </params>
          <reporter-output>
          </reporter-output>
        </test-method> <!-- setUp -->
        <test-method status="PASS" signature="appointmentValidations()[pri:0, instance:cura.cura.AppointmentValidation@14a2f921]" name="appointmentValidations" duration-ms="3177" started-at="2020-09-25T14:04:47Z" finished-at="2020-09-25T14:04:50Z">
          <reporter-output>
          </reporter-output>
        </test-method> <!-- appointmentValidations -->
        <test-method status="PASS" signature="tearDown()[pri:0, instance:cura.cura.AppointmentValidation@14a2f921]" name="tearDown" is-config="true" duration-ms="4932" started-at="2020-09-25T14:04:50Z" finished-at="2020-09-25T14:04:55Z">
          <reporter-output>
          </reporter-output>
        </test-method> <!-- tearDown -->
      </class> <!-- cura.cura.AppointmentValidation -->
    </test> <!-- Test2 -->
  </suite> <!-- Suite -->
</testng-results>
